0:0:0:0:0:0:0:1 - - [09/Oct/2017:11:45:13 +0100] "GET /index HTTP/1.1" 200 301
0:0:0:0:0:0:0:1 - - [09/Oct/2017:11:45:21 +0100] "GET /favicon.ico HTTP/1.1" 200 946
0:0:0:0:0:0:0:1 - - [09/Oct/2017:11:47:24 +0100] "GET /index HTTP/1.1" 200 335
0:0:0:0:0:0:0:1 - - [09/Oct/2017:11:47:24 +0100] "GET /favicon.ico HTTP/1.1" 200 946
0:0:0:0:0:0:0:1 - - [09/Oct/2017:11:47:29 +0100] "GET /index HTTP/1.1" 200 335
0:0:0:0:0:0:0:1 - - [09/Oct/2017:11:47:29 +0100] "GET /favicon.ico HTTP/1.1" 200 946
0:0:0:0:0:0:0:1 - - [09/Oct/2017:12:35:04 +0100] "GET /add HTTP/1.1" 500 387
0:0:0:0:0:0:0:1 - - [09/Oct/2017:12:37:15 +0100] "GET /add HTTP/1.1" 500 387
0:0:0:0:0:0:0:1 - - [09/Oct/2017:12:40:43 +0100] "GET /add HTTP/1.1" 500 372
0:0:0:0:0:0:0:1 - - [09/Oct/2017:12:40:43 +0100] "GET /favicon.ico HTTP/1.1" 200 946
0:0:0:0:0:0:0:1 - - [09/Oct/2017:12:41:25 +0100] "GET /add HTTP/1.1" 200 371
0:0:0:0:0:0:0:1 - - [09/Oct/2017:12:41:25 +0100] "GET /favicon.ico HTTP/1.1" 200 946
0:0:0:0:0:0:0:1 - - [09/Oct/2017:12:44:55 +0100] "GET /add HTTP/1.1" 200 338
0:0:0:0:0:0:0:1 - - [09/Oct/2017:12:44:56 +0100] "GET /favicon.ico HTTP/1.1" 200 946
0:0:0:0:0:0:0:1 - - [09/Oct/2017:13:03:15 +0100] "GET /add HTTP/1.1" 200 338
0:0:0:0:0:0:0:1 - - [09/Oct/2017:13:03:15 +0100] "GET /favicon.ico HTTP/1.1" 200 946
0:0:0:0:0:0:0:1 - - [09/Oct/2017:13:03:26 +0100] "GET /users HTTP/1.1" 200 470
0:0:0:0:0:0:0:1 - - [09/Oct/2017:13:04:04 +0100] "GET /users HTTP/1.1" 200 453
0:0:0:0:0:0:0:1 - - [09/Oct/2017:13:04:05 +0100] "GET /favicon.ico HTTP/1.1" 200 946
0:0:0:0:0:0:0:1 - - [09/Oct/2017:13:04:14 +0100] "GET /add HTTP/1.1" 200 338
0:0:0:0:0:0:0:1 - - [09/Oct/2017:13:04:19 +0100] "GET /users HTTP/1.1" 200 528
0:0:0:0:0:0:0:1 - - [09/Oct/2017:13:13:07 +0100] "GET /users HTTP/1.1" 200 792
0:0:0:0:0:0:0:1 - - [09/Oct/2017:13:13:08 +0100] "GET /$%7BpageContext.request.contextPath%7Dstatic/js/bootstrap.min.js HTTP/1.1" 404 179
0:0:0:0:0:0:0:1 - - [09/Oct/2017:13:13:08 +0100] "GET /$%7BpageContext.request.contextPath%7Dstatic/css/bootstrap.css HTTP/1.1" 404 177
0:0:0:0:0:0:0:1 - - [09/Oct/2017:13:13:08 +0100] "GET /favicon.ico HTTP/1.1" 200 946
0:0:0:0:0:0:0:1 - - [09/Oct/2017:13:13:56 +0100] "GET /users HTTP/1.1" 200 792
0:0:0:0:0:0:0:1 - - [09/Oct/2017:13:13:56 +0100] "GET /$%7BpageContext.request.contextPath%7Dstatic/js/bootstrap.min.js HTTP/1.1" 404 179
0:0:0:0:0:0:0:1 - - [09/Oct/2017:13:13:56 +0100] "GET /$%7BpageContext.request.contextPath%7Dstatic/css/bootstrap.css HTTP/1.1" 404 177
0:0:0:0:0:0:0:1 - - [09/Oct/2017:13:13:56 +0100] "GET /favicon.ico HTTP/1.1" 200 946
0:0:0:0:0:0:0:1 - - [09/Oct/2017:13:14:08 +0100] "GET /users HTTP/1.1" 500 410
0:0:0:0:0:0:0:1 - - [09/Oct/2017:13:14:09 +0100] "GET /favicon.ico HTTP/1.1" 200 946
0:0:0:0:0:0:0:1 - - [09/Oct/2017:13:15:47 +0100] "GET /users HTTP/1.1" 500 387
0:0:0:0:0:0:0:1 - - [09/Oct/2017:13:15:47 +0100] "GET /favicon.ico HTTP/1.1" 200 946
0:0:0:0:0:0:0:1 - - [09/Oct/2017:13:17:19 +0100] "GET /users HTTP/1.1" 200 746
0:0:0:0:0:0:0:1 - - [09/Oct/2017:13:17:19 +0100] "GET /resources/static/js/bootstrap.min.js HTTP/1.1" 404 151
0:0:0:0:0:0:0:1 - - [09/Oct/2017:13:17:19 +0100] "GET /resources/static/css/bootstrap.css HTTP/1.1" 404 149
0:0:0:0:0:0:0:1 - - [09/Oct/2017:13:17:19 +0100] "GET /favicon.ico HTTP/1.1" 200 946
0:0:0:0:0:0:0:1 - - [09/Oct/2017:13:17:55 +0100] "GET /users HTTP/1.1" 200 798
0:0:0:0:0:0:0:1 - - [09/Oct/2017:13:17:55 +0100] "GET /resources/static/js/bootstrap.min.js HTTP/1.1" 404 151
0:0:0:0:0:0:0:1 - - [09/Oct/2017:13:17:55 +0100] "GET /resources/static/css/bootstrap.css HTTP/1.1" 404 149
0:0:0:0:0:0:0:1 - - [09/Oct/2017:13:17:55 +0100] "GET /favicon.ico HTTP/1.1" 200 946
0:0:0:0:0:0:0:1 - - [09/Oct/2017:13:19:24 +0100] "GET /users HTTP/1.1" 200 782
0:0:0:0:0:0:0:1 - - [09/Oct/2017:13:19:24 +0100] "GET /static/css/bootstrap.css HTTP/1.1" 404 139
0:0:0:0:0:0:0:1 - - [09/Oct/2017:13:19:24 +0100] "GET /static/js/bootstrap.min.js HTTP/1.1" 404 141
0:0:0:0:0:0:0:1 - - [09/Oct/2017:13:19:24 +0100] "GET /favicon.ico HTTP/1.1" 200 946
0:0:0:0:0:0:0:1 - - [09/Oct/2017:13:19:26 +0100] "GET /users HTTP/1.1" 200 782
0:0:0:0:0:0:0:1 - - [09/Oct/2017:13:19:26 +0100] "GET /static/js/bootstrap.min.js HTTP/1.1" 404 141
0:0:0:0:0:0:0:1 - - [09/Oct/2017:13:19:26 +0100] "GET /static/css/bootstrap.css HTTP/1.1" 404 139
0:0:0:0:0:0:0:1 - - [09/Oct/2017:13:19:26 +0100] "GET /favicon.ico HTTP/1.1" 200 946
0:0:0:0:0:0:0:1 - - [09/Oct/2017:13:22:07 +0100] "GET /users HTTP/1.1" 200 782
0:0:0:0:0:0:0:1 - - [09/Oct/2017:13:22:07 +0100] "GET /static/js/bootstrap.min.js HTTP/1.1" 404 141
0:0:0:0:0:0:0:1 - - [09/Oct/2017:13:22:07 +0100] "GET /static/css/bootstrap.css HTTP/1.1" 404 139
0:0:0:0:0:0:0:1 - - [09/Oct/2017:13:22:07 +0100] "GET /favicon.ico HTTP/1.1" 200 946
0:0:0:0:0:0:0:1 - - [09/Oct/2017:13:22:13 +0100] "GET /static/css/bootstrap.css HTTP/1.1" 404 139
0:0:0:0:0:0:0:1 - - [09/Oct/2017:13:23:50 +0100] "GET /users HTTP/1.1" 200 778
0:0:0:0:0:0:0:1 - - [09/Oct/2017:13:23:50 +0100] "GET /static/js/bootstrap.min.js HTTP/1.1" 404 141
0:0:0:0:0:0:0:1 - - [09/Oct/2017:13:23:50 +0100] "GET /css/bootstrap.css HTTP/1.1" 200 146010
0:0:0:0:0:0:0:1 - - [09/Oct/2017:13:23:51 +0100] "GET /css/bootstrap.css.map HTTP/1.1" 404 136
0:0:0:0:0:0:0:1 - - [09/Oct/2017:13:24:11 +0100] "GET /users HTTP/1.1" 200 774
0:0:0:0:0:0:0:1 - - [09/Oct/2017:13:24:12 +0100] "GET /js/bootstrap.min.js HTTP/1.1" 200 37045
0:0:0:0:0:0:0:1 - - [09/Oct/2017:13:24:12 +0100] "GET /css/bootstrap.css.map HTTP/1.1" 404 136
0:0:0:0:0:0:0:1 - - [09/Oct/2017:13:24:17 +0100] "GET /users HTTP/1.1" 200 774
0:0:0:0:0:0:0:1 - - [09/Oct/2017:13:24:18 +0100] "GET /css/bootstrap.css.map HTTP/1.1" 404 136
0:0:0:0:0:0:0:1 - - [09/Oct/2017:13:24:51 +0100] "GET /users HTTP/1.1" 200 692
0:0:0:0:0:0:0:1 - - [09/Oct/2017:13:24:52 +0100] "GET /css/bootstrap.css.map HTTP/1.1" 404 136
0:0:0:0:0:0:0:1 - - [09/Oct/2017:13:24:55 +0100] "GET /users HTTP/1.1" 200 692
0:0:0:0:0:0:0:1 - - [09/Oct/2017:13:24:56 +0100] "GET /css/bootstrap.css.map HTTP/1.1" 404 136
0:0:0:0:0:0:0:1 - - [09/Oct/2017:15:01:10 +0100] "GET /user/tom HTTP/1.1" 200 337
0:0:0:0:0:0:0:1 - - [09/Oct/2017:15:46:55 +0100] "GET /users HTTP/1.1" 404 306
0:0:0:0:0:0:0:1 - - [09/Oct/2017:15:47:20 +0100] "GET /users/1 HTTP/1.1" 200 897
0:0:0:0:0:0:0:1 - - [09/Oct/2017:15:47:20 +0100] "GET /js/jquery-1.5.1.js HTTP/1.1" 200 216840
0:0:0:0:0:0:0:1 - - [09/Oct/2017:15:47:20 +0100] "GET /js/bootstrap.min.js HTTP/1.1" 200 37045
0:0:0:0:0:0:0:1 - - [09/Oct/2017:15:47:20 +0100] "GET /css/bootstrap.css HTTP/1.1" 200 146010
0:0:0:0:0:0:0:1 - - [09/Oct/2017:15:48:33 +0100] "GET /users/1 HTTP/1.1" 200 897
0:0:0:0:0:0:0:1 - - [09/Oct/2017:15:48:33 +0100] "GET /js/bootstrap.min.js HTTP/1.1" 200 37045
0:0:0:0:0:0:0:1 - - [09/Oct/2017:15:48:33 +0100] "GET /css/bootstrap.css HTTP/1.1" 200 146010
0:0:0:0:0:0:0:1 - - [09/Oct/2017:15:48:33 +0100] "GET /js/jquery-1.5.1.js HTTP/1.1" 200 216840
0:0:0:0:0:0:0:1 - - [09/Oct/2017:15:48:34 +0100] "GET /favicon.ico HTTP/1.1" 200 946
0:0:0:0:0:0:0:1 - - [09/Oct/2017:15:49:18 +0100] "GET /users/1 HTTP/1.1" 200 897
0:0:0:0:0:0:0:1 - - [09/Oct/2017:15:49:18 +0100] "GET /js/bootstrap.min.js HTTP/1.1" 200 37045
0:0:0:0:0:0:0:1 - - [09/Oct/2017:15:49:18 +0100] "GET /js/jquery-1.5.1.js HTTP/1.1" 200 216840
0:0:0:0:0:0:0:1 - - [09/Oct/2017:15:49:18 +0100] "GET /css/bootstrap.css HTTP/1.1" 200 146010
0:0:0:0:0:0:0:1 - - [09/Oct/2017:15:49:18 +0100] "GET /favicon.ico HTTP/1.1" 200 946
0:0:0:0:0:0:0:1 - - [09/Oct/2017:15:53:18 +0100] "GET /users/1 HTTP/1.1" 200 897
0:0:0:0:0:0:0:1 - - [09/Oct/2017:15:53:18 +0100] "GET /js/bootstrap.min.js HTTP/1.1" 200 37045
0:0:0:0:0:0:0:1 - - [09/Oct/2017:15:53:18 +0100] "GET /js/jquery-1.5.1.js HTTP/1.1" 200 216840
0:0:0:0:0:0:0:1 - - [09/Oct/2017:15:53:18 +0100] "GET /css/bootstrap.css HTTP/1.1" 200 146010
0:0:0:0:0:0:0:1 - - [09/Oct/2017:15:53:19 +0100] "GET /favicon.ico HTTP/1.1" 200 946
0:0:0:0:0:0:0:1 - - [09/Oct/2017:15:56:40 +0100] "GET /users/1 HTTP/1.1" 500 318
0:0:0:0:0:0:0:1 - - [09/Oct/2017:15:56:41 +0100] "GET /favicon.ico HTTP/1.1" 200 946
0:0:0:0:0:0:0:1 - - [09/Oct/2017:15:57:33 +0100] "GET /users/1 HTTP/1.1" 200 897
0:0:0:0:0:0:0:1 - - [09/Oct/2017:15:57:33 +0100] "GET /js/bootstrap.min.js HTTP/1.1" 200 37045
0:0:0:0:0:0:0:1 - - [09/Oct/2017:15:57:33 +0100] "GET /js/jquery-1.5.1.js HTTP/1.1" 200 216840
0:0:0:0:0:0:0:1 - - [09/Oct/2017:15:57:33 +0100] "GET /css/bootstrap.css HTTP/1.1" 200 146010
0:0:0:0:0:0:0:1 - - [09/Oct/2017:15:57:34 +0100] "GET /favicon.ico HTTP/1.1" 200 946
0:0:0:0:0:0:0:1 - - [09/Oct/2017:16:42:07 +0100] "GET /users/1 HTTP/1.1" 200 1148
0:0:0:0:0:0:0:1 - - [09/Oct/2017:16:42:07 +0100] "GET /css/bootstrap.css HTTP/1.1" 200 146010
0:0:0:0:0:0:0:1 - - [09/Oct/2017:16:42:07 +0100] "GET /js/jquery-1.5.1.js HTTP/1.1" 200 216840
0:0:0:0:0:0:0:1 - - [09/Oct/2017:16:42:07 +0100] "GET /js/bootstrap.min.js HTTP/1.1" 200 37045
0:0:0:0:0:0:0:1 - - [09/Oct/2017:16:42:07 +0100] "GET /favicon.ico HTTP/1.1" 200 946
0:0:0:0:0:0:0:1 - - [09/Oct/2017:16:44:02 +0100] "GET /users/1 HTTP/1.1" 500 372
0:0:0:0:0:0:0:1 - - [09/Oct/2017:16:44:03 +0100] "GET /favicon.ico HTTP/1.1" 200 946
0:0:0:0:0:0:0:1 - - [09/Oct/2017:16:45:13 +0100] "GET /users/1 HTTP/1.1" 500 375
0:0:0:0:0:0:0:1 - - [09/Oct/2017:16:45:13 +0100] "GET /favicon.ico HTTP/1.1" 200 946
0:0:0:0:0:0:0:1 - - [09/Oct/2017:16:45:16 +0100] "GET /users/1 HTTP/1.1" 500 375
0:0:0:0:0:0:0:1 - - [09/Oct/2017:16:45:16 +0100] "GET /favicon.ico HTTP/1.1" 200 946
0:0:0:0:0:0:0:1 - - [09/Oct/2017:16:48:20 +0100] "GET /users/1 HTTP/1.1" 500 375
0:0:0:0:0:0:0:1 - - [09/Oct/2017:16:48:21 +0100] "GET /favicon.ico HTTP/1.1" 200 946
0:0:0:0:0:0:0:1 - - [09/Oct/2017:16:49:02 +0100] "GET /users/1 HTTP/1.1" 500 372
0:0:0:0:0:0:0:1 - - [09/Oct/2017:16:49:02 +0100] "GET /favicon.ico HTTP/1.1" 200 946
0:0:0:0:0:0:0:1 - - [09/Oct/2017:16:49:15 +0100] "GET /users/1 HTTP/1.1" 500 369
0:0:0:0:0:0:0:1 - - [09/Oct/2017:16:49:15 +0100] "GET /favicon.ico HTTP/1.1" 200 946
0:0:0:0:0:0:0:1 - - [09/Oct/2017:16:54:26 +0100] "GET /users/1 HTTP/1.1" 500 388
0:0:0:0:0:0:0:1 - - [09/Oct/2017:16:54:27 +0100] "GET /favicon.ico HTTP/1.1" 200 946
0:0:0:0:0:0:0:1 - - [09/Oct/2017:16:56:30 +0100] "GET /users/1 HTTP/1.1" 200 1198
0:0:0:0:0:0:0:1 - - [09/Oct/2017:16:56:30 +0100] "GET /js/bootstrap.min.js HTTP/1.1" 200 37045
0:0:0:0:0:0:0:1 - - [09/Oct/2017:16:56:30 +0100] "GET /css/bootstrap.css HTTP/1.1" 200 146010
0:0:0:0:0:0:0:1 - - [09/Oct/2017:16:56:30 +0100] "GET /js/jquery-1.5.1.js HTTP/1.1" 200 216840
0:0:0:0:0:0:0:1 - - [09/Oct/2017:16:56:31 +0100] "GET /favicon.ico HTTP/1.1" 200 946
0:0:0:0:0:0:0:1 - - [09/Oct/2017:16:58:28 +0100] "GET /users/1 HTTP/1.1" 200 973
0:0:0:0:0:0:0:1 - - [09/Oct/2017:16:58:28 +0100] "GET /js/bootstrap.min.js HTTP/1.1" 200 37045
0:0:0:0:0:0:0:1 - - [09/Oct/2017:16:58:28 +0100] "GET /js/jquery-1.5.1.js HTTP/1.1" 200 216840
0:0:0:0:0:0:0:1 - - [09/Oct/2017:16:58:28 +0100] "GET /css/bootstrap.css HTTP/1.1" 200 146010
0:0:0:0:0:0:0:1 - - [09/Oct/2017:16:58:28 +0100] "GET /favicon.ico HTTP/1.1" 200 946
0:0:0:0:0:0:0:1 - - [09/Oct/2017:16:59:05 +0100] "GET /add HTTP/1.1" 200 338
0:0:0:0:0:0:0:1 - - [09/Oct/2017:16:59:07 +0100] "GET /add HTTP/1.1" 200 338
0:0:0:0:0:0:0:1 - - [09/Oct/2017:16:59:07 +0100] "GET /favicon.ico HTTP/1.1" 200 946
0:0:0:0:0:0:0:1 - - [09/Oct/2017:16:59:08 +0100] "GET /add HTTP/1.1" 200 338
0:0:0:0:0:0:0:1 - - [09/Oct/2017:16:59:08 +0100] "GET /favicon.ico HTTP/1.1" 200 946
0:0:0:0:0:0:0:1 - - [09/Oct/2017:16:59:08 +0100] "GET /add HTTP/1.1" 200 338
0:0:0:0:0:0:0:1 - - [09/Oct/2017:16:59:09 +0100] "GET /favicon.ico HTTP/1.1" 200 946
0:0:0:0:0:0:0:1 - - [09/Oct/2017:16:59:09 +0100] "GET /add HTTP/1.1" 200 338
0:0:0:0:0:0:0:1 - - [09/Oct/2017:16:59:09 +0100] "GET /favicon.ico HTTP/1.1" 200 946
0:0:0:0:0:0:0:1 - - [09/Oct/2017:16:59:09 +0100] "GET /add HTTP/1.1" 200 338
0:0:0:0:0:0:0:1 - - [09/Oct/2017:16:59:09 +0100] "GET /favicon.ico HTTP/1.1" 200 946
0:0:0:0:0:0:0:1 - - [09/Oct/2017:16:59:10 +0100] "GET /add HTTP/1.1" 200 338
0:0:0:0:0:0:0:1 - - [09/Oct/2017:16:59:10 +0100] "GET /favicon.ico HTTP/1.1" 200 946
0:0:0:0:0:0:0:1 - - [09/Oct/2017:16:59:10 +0100] "GET /add HTTP/1.1" 200 338
0:0:0:0:0:0:0:1 - - [09/Oct/2017:16:59:10 +0100] "GET /favicon.ico HTTP/1.1" 200 946
0:0:0:0:0:0:0:1 - - [09/Oct/2017:16:59:11 +0100] "GET /add HTTP/1.1" 200 338
0:0:0:0:0:0:0:1 - - [09/Oct/2017:16:59:11 +0100] "GET /favicon.ico HTTP/1.1" 200 946
0:0:0:0:0:0:0:1 - - [09/Oct/2017:16:59:11 +0100] "GET /add HTTP/1.1" 200 338
0:0:0:0:0:0:0:1 - - [09/Oct/2017:16:59:11 +0100] "GET /favicon.ico HTTP/1.1" 200 946
0:0:0:0:0:0:0:1 - - [09/Oct/2017:16:59:11 +0100] "GET /add HTTP/1.1" 200 338
0:0:0:0:0:0:0:1 - - [09/Oct/2017:16:59:12 +0100] "GET /favicon.ico HTTP/1.1" 200 946
0:0:0:0:0:0:0:1 - - [09/Oct/2017:16:59:12 +0100] "GET /add HTTP/1.1" 200 338
0:0:0:0:0:0:0:1 - - [09/Oct/2017:16:59:12 +0100] "GET /favicon.ico HTTP/1.1" 200 946
0:0:0:0:0:0:0:1 - - [09/Oct/2017:16:59:12 +0100] "GET /add HTTP/1.1" 200 338
0:0:0:0:0:0:0:1 - - [09/Oct/2017:16:59:12 +0100] "GET /favicon.ico HTTP/1.1" 200 946
0:0:0:0:0:0:0:1 - - [09/Oct/2017:16:59:13 +0100] "GET /add HTTP/1.1" 200 338
0:0:0:0:0:0:0:1 - - [09/Oct/2017:16:59:13 +0100] "GET /favicon.ico HTTP/1.1" 200 946
0:0:0:0:0:0:0:1 - - [09/Oct/2017:16:59:13 +0100] "GET /add HTTP/1.1" 200 338
0:0:0:0:0:0:0:1 - - [09/Oct/2017:16:59:13 +0100] "GET /favicon.ico HTTP/1.1" 200 946
0:0:0:0:0:0:0:1 - - [09/Oct/2017:16:59:14 +0100] "GET /add HTTP/1.1" 200 338
0:0:0:0:0:0:0:1 - - [09/Oct/2017:16:59:14 +0100] "GET /favicon.ico HTTP/1.1" 200 946
0:0:0:0:0:0:0:1 - - [09/Oct/2017:16:59:14 +0100] "GET /add HTTP/1.1" 200 338
0:0:0:0:0:0:0:1 - - [09/Oct/2017:16:59:14 +0100] "GET /favicon.ico HTTP/1.1" 200 946
0:0:0:0:0:0:0:1 - - [09/Oct/2017:16:59:15 +0100] "GET /add HTTP/1.1" 200 338
0:0:0:0:0:0:0:1 - - [09/Oct/2017:16:59:15 +0100] "GET /favicon.ico HTTP/1.1" 200 946
0:0:0:0:0:0:0:1 - - [09/Oct/2017:16:59:15 +0100] "GET /add HTTP/1.1" 200 338
0:0:0:0:0:0:0:1 - - [09/Oct/2017:16:59:15 +0100] "GET /favicon.ico HTTP/1.1" 200 946
0:0:0:0:0:0:0:1 - - [09/Oct/2017:16:59:16 +0100] "GET /add HTTP/1.1" 200 338
0:0:0:0:0:0:0:1 - - [09/Oct/2017:16:59:16 +0100] "GET /favicon.ico HTTP/1.1" 200 946
0:0:0:0:0:0:0:1 - - [09/Oct/2017:17:00:04 +0100] "GET /users/1 HTTP/1.1" 200 1411
0:0:0:0:0:0:0:1 - - [09/Oct/2017:17:00:04 +0100] "GET /js/bootstrap.min.js HTTP/1.1" 200 37045
0:0:0:0:0:0:0:1 - - [09/Oct/2017:17:00:04 +0100] "GET /js/jquery-1.5.1.js HTTP/1.1" 200 216840
0:0:0:0:0:0:0:1 - - [09/Oct/2017:17:00:04 +0100] "GET /css/bootstrap.css HTTP/1.1" 200 146010
0:0:0:0:0:0:0:1 - - [09/Oct/2017:17:02:14 +0100] "GET /users/1 HTTP/1.1" 500 381
0:0:0:0:0:0:0:1 - - [09/Oct/2017:17:02:14 +0100] "GET /favicon.ico HTTP/1.1" 200 946
0:0:0:0:0:0:0:1 - - [09/Oct/2017:17:04:35 +0100] "GET /users/1 HTTP/1.1" 500 381
0:0:0:0:0:0:0:1 - - [09/Oct/2017:17:04:35 +0100] "GET /favicon.ico HTTP/1.1" 200 946
0:0:0:0:0:0:0:1 - - [09/Oct/2017:17:05:13 +0100] "GET /users/1 HTTP/1.1" 200 1371
0:0:0:0:0:0:0:1 - - [09/Oct/2017:17:05:13 +0100] "GET /js/bootstrap.min.js HTTP/1.1" 200 37045
0:0:0:0:0:0:0:1 - - [09/Oct/2017:17:05:13 +0100] "GET /css/bootstrap.css HTTP/1.1" 200 146010
0:0:0:0:0:0:0:1 - - [09/Oct/2017:17:05:13 +0100] "GET /js/jquery-1.5.1.js HTTP/1.1" 200 216840
0:0:0:0:0:0:0:1 - - [09/Oct/2017:17:05:14 +0100] "GET /favicon.ico HTTP/1.1" 200 946
0:0:0:0:0:0:0:1 - - [09/Oct/2017:17:06:15 +0100] "GET /users/1 HTTP/1.1" 200 1551
0:0:0:0:0:0:0:1 - - [09/Oct/2017:17:06:15 +0100] "GET /js/bootstrap.min.js HTTP/1.1" 200 37045
0:0:0:0:0:0:0:1 - - [09/Oct/2017:17:06:15 +0100] "GET /css/bootstrap.css HTTP/1.1" 200 146010
0:0:0:0:0:0:0:1 - - [09/Oct/2017:17:06:15 +0100] "GET /js/jquery-1.5.1.js HTTP/1.1" 200 216840
0:0:0:0:0:0:0:1 - - [09/Oct/2017:17:06:15 +0100] "GET /favicon.ico HTTP/1.1" 200 946
0:0:0:0:0:0:0:1 - - [09/Oct/2017:17:06:18 +0100] "GET /users/1 HTTP/1.1" 200 1551
0:0:0:0:0:0:0:1 - - [09/Oct/2017:17:06:18 +0100] "GET /js/bootstrap.min.js HTTP/1.1" 200 37045
0:0:0:0:0:0:0:1 - - [09/Oct/2017:17:06:18 +0100] "GET /js/jquery-1.5.1.js HTTP/1.1" 200 216840
0:0:0:0:0:0:0:1 - - [09/Oct/2017:17:06:18 +0100] "GET /css/bootstrap.css HTTP/1.1" 200 146010
0:0:0:0:0:0:0:1 - - [09/Oct/2017:17:09:32 +0100] "GET /users/1 HTTP/1.1" 500 374
0:0:0:0:0:0:0:1 - - [09/Oct/2017:17:09:32 +0100] "GET /favicon.ico HTTP/1.1" 200 946
0:0:0:0:0:0:0:1 - - [09/Oct/2017:17:09:57 +0100] "GET /users/1 HTTP/1.1" 200 1451
0:0:0:0:0:0:0:1 - - [09/Oct/2017:17:09:57 +0100] "GET /js/bootstrap.min.js HTTP/1.1" 200 37045
0:0:0:0:0:0:0:1 - - [09/Oct/2017:17:09:57 +0100] "GET /css/bootstrap.css HTTP/1.1" 200 146010
0:0:0:0:0:0:0:1 - - [09/Oct/2017:17:09:57 +0100] "GET /js/jquery-1.5.1.js HTTP/1.1" 200 216840
0:0:0:0:0:0:0:1 - - [09/Oct/2017:17:09:57 +0100] "GET /favicon.ico HTTP/1.1" 200 946
0:0:0:0:0:0:0:1 - - [09/Oct/2017:17:10:09 +0100] "GET /users/1 HTTP/1.1" 200 1551
0:0:0:0:0:0:0:1 - - [09/Oct/2017:17:10:09 +0100] "GET /js/bootstrap.min.js HTTP/1.1" 200 37045
0:0:0:0:0:0:0:1 - - [09/Oct/2017:17:10:09 +0100] "GET /css/bootstrap.css HTTP/1.1" 200 146010
0:0:0:0:0:0:0:1 - - [09/Oct/2017:17:10:09 +0100] "GET /js/jquery-1.5.1.js HTTP/1.1" 200 216840
0:0:0:0:0:0:0:1 - - [09/Oct/2017:17:10:10 +0100] "GET /favicon.ico HTTP/1.1" 200 946
0:0:0:0:0:0:0:1 - - [09/Oct/2017:17:10:36 +0100] "GET /users/1 HTTP/1.1" 200 1551
0:0:0:0:0:0:0:1 - - [09/Oct/2017:17:10:36 +0100] "GET /css/bootstrap.css HTTP/1.1" 200 146010
0:0:0:0:0:0:0:1 - - [09/Oct/2017:17:10:36 +0100] "GET /js/bootstrap.min.js HTTP/1.1" 200 37045
0:0:0:0:0:0:0:1 - - [09/Oct/2017:17:10:36 +0100] "GET /js/jquery-1.5.1.js HTTP/1.1" 200 216840
0:0:0:0:0:0:0:1 - - [09/Oct/2017:17:10:37 +0100] "GET /favicon.ico HTTP/1.1" 200 946
0:0:0:0:0:0:0:1 - - [09/Oct/2017:17:10:40 +0100] "GET /users/1 HTTP/1.1" 200 1551
0:0:0:0:0:0:0:1 - - [09/Oct/2017:17:10:40 +0100] "GET /js/bootstrap.min.js HTTP/1.1" 200 37045
0:0:0:0:0:0:0:1 - - [09/Oct/2017:17:10:40 +0100] "GET /css/bootstrap.css HTTP/1.1" 200 146010
0:0:0:0:0:0:0:1 - - [09/Oct/2017:17:10:40 +0100] "GET /js/jquery-1.5.1.js HTTP/1.1" 200 216840
0:0:0:0:0:0:0:1 - - [09/Oct/2017:17:10:41 +0100] "GET /users/1 HTTP/1.1" 200 1551
0:0:0:0:0:0:0:1 - - [09/Oct/2017:17:10:41 +0100] "GET /js/bootstrap.min.js HTTP/1.1" 200 37045
0:0:0:0:0:0:0:1 - - [09/Oct/2017:17:10:41 +0100] "GET /js/jquery-1.5.1.js HTTP/1.1" 200 216840
0:0:0:0:0:0:0:1 - - [09/Oct/2017:17:10:41 +0100] "GET /css/bootstrap.css HTTP/1.1" 200 146010
0:0:0:0:0:0:0:1 - - [09/Oct/2017:17:10:42 +0100] "GET /users/1 HTTP/1.1" 200 1551
0:0:0:0:0:0:0:1 - - [09/Oct/2017:17:10:42 +0100] "GET /js/jquery-1.5.1.js HTTP/1.1" 200 216840
0:0:0:0:0:0:0:1 - - [09/Oct/2017:17:10:42 +0100] "GET /js/bootstrap.min.js HTTP/1.1" 200 37045
0:0:0:0:0:0:0:1 - - [09/Oct/2017:17:10:42 +0100] "GET /css/bootstrap.css HTTP/1.1" 200 146010
0:0:0:0:0:0:0:1 - - [09/Oct/2017:17:10:43 +0100] "GET /users/1 HTTP/1.1" 200 1551
0:0:0:0:0:0:0:1 - - [09/Oct/2017:17:10:43 +0100] "GET /js/bootstrap.min.js HTTP/1.1" 200 37045
0:0:0:0:0:0:0:1 - - [09/Oct/2017:17:10:43 +0100] "GET /css/bootstrap.css HTTP/1.1" 200 146010
0:0:0:0:0:0:0:1 - - [09/Oct/2017:17:10:43 +0100] "GET /js/jquery-1.5.1.js HTTP/1.1" 200 216840
0:0:0:0:0:0:0:1 - - [09/Oct/2017:17:11:08 +0100] "GET /users/1 HTTP/1.1" 200 1586
0:0:0:0:0:0:0:1 - - [09/Oct/2017:17:11:08 +0100] "GET /css/bootstrap.css HTTP/1.1" 200 146010
0:0:0:0:0:0:0:1 - - [09/Oct/2017:17:11:08 +0100] "GET /js/jquery-1.5.1.js HTTP/1.1" 200 216840
0:0:0:0:0:0:0:1 - - [09/Oct/2017:17:11:08 +0100] "GET /js/bootstrap.min.js HTTP/1.1" 200 37045
0:0:0:0:0:0:0:1 - - [09/Oct/2017:17:11:08 +0100] "GET /favicon.ico HTTP/1.1" 200 946
0:0:0:0:0:0:0:1 - - [09/Oct/2017:17:17:33 +0100] "GET /users/1 HTTP/1.1" 200 1444
0:0:0:0:0:0:0:1 - - [09/Oct/2017:17:17:33 +0100] "GET /js/bootstrap.min.js HTTP/1.1" 200 37045
0:0:0:0:0:0:0:1 - - [09/Oct/2017:17:17:33 +0100] "GET /css/bootstrap.css HTTP/1.1" 200 146010
0:0:0:0:0:0:0:1 - - [09/Oct/2017:17:17:33 +0100] "GET /js/jquery-1.5.1.js HTTP/1.1" 200 216840
0:0:0:0:0:0:0:1 - - [09/Oct/2017:17:17:34 +0100] "GET /favicon.ico HTTP/1.1" 200 946
0:0:0:0:0:0:0:1 - - [09/Oct/2017:17:18:51 +0100] "GET /users/1 HTTP/1.1" 200 1469
0:0:0:0:0:0:0:1 - - [09/Oct/2017:17:18:51 +0100] "GET /css/bootstrap.css HTTP/1.1" 200 146010
0:0:0:0:0:0:0:1 - - [09/Oct/2017:17:18:51 +0100] "GET /js/bootstrap.min.js HTTP/1.1" 200 37045
0:0:0:0:0:0:0:1 - - [09/Oct/2017:17:18:51 +0100] "GET /js/jquery-1.5.1.js HTTP/1.1" 200 216840
0:0:0:0:0:0:0:1 - - [09/Oct/2017:17:18:51 +0100] "GET /favicon.ico HTTP/1.1" 200 946
0:0:0:0:0:0:0:1 - - [09/Oct/2017:17:19:22 +0100] "GET /users/1 HTTP/1.1" 200 1544
0:0:0:0:0:0:0:1 - - [09/Oct/2017:17:19:22 +0100] "GET /js/bootstrap.min.js HTTP/1.1" 200 37045
0:0:0:0:0:0:0:1 - - [09/Oct/2017:17:19:22 +0100] "GET /js/jquery-1.5.1.js HTTP/1.1" 200 216840
0:0:0:0:0:0:0:1 - - [09/Oct/2017:17:19:22 +0100] "GET /css/bootstrap.css HTTP/1.1" 200 146010
0:0:0:0:0:0:0:1 - - [09/Oct/2017:17:19:22 +0100] "GET /favicon.ico HTTP/1.1" 200 946
0:0:0:0:0:0:0:1 - - [09/Oct/2017:17:21:15 +0100] "GET /users/1 HTTP/1.1" 200 1560
0:0:0:0:0:0:0:1 - - [09/Oct/2017:17:21:15 +0100] "GET /js/bootstrap.min.js HTTP/1.1" 200 37045
0:0:0:0:0:0:0:1 - - [09/Oct/2017:17:21:15 +0100] "GET /css/bootstrap.css HTTP/1.1" 200 146010
0:0:0:0:0:0:0:1 - - [09/Oct/2017:17:21:15 +0100] "GET /js/jquery-1.5.1.js HTTP/1.1" 200 216840
0:0:0:0:0:0:0:1 - - [09/Oct/2017:17:21:15 +0100] "GET /favicon.ico HTTP/1.1" 200 946
0:0:0:0:0:0:0:1 - - [09/Oct/2017:17:21:21 +0100] "GET /users/pageNum+1 HTTP/1.1" 400 471
0:0:0:0:0:0:0:1 - - [09/Oct/2017:17:23:08 +0100] "GET /users/1 HTTP/1.1" 200 1560
0:0:0:0:0:0:0:1 - - [09/Oct/2017:17:23:08 +0100] "GET /js/bootstrap.min.js HTTP/1.1" 200 37045
0:0:0:0:0:0:0:1 - - [09/Oct/2017:17:23:08 +0100] "GET /css/bootstrap.css HTTP/1.1" 200 146010
0:0:0:0:0:0:0:1 - - [09/Oct/2017:17:23:08 +0100] "GET /js/jquery-1.5.1.js HTTP/1.1" 200 216840
0:0:0:0:0:0:0:1 - - [09/Oct/2017:17:23:11 +0100] "GET /users/pageNum+1 HTTP/1.1" 500 337
0:0:0:0:0:0:0:1 - - [09/Oct/2017:17:24:45 +0100] "GET /users/1 HTTP/1.1" 200 1569
0:0:0:0:0:0:0:1 - - [09/Oct/2017:17:24:45 +0100] "GET /js/bootstrap.min.js HTTP/1.1" 200 37045
0:0:0:0:0:0:0:1 - - [09/Oct/2017:17:24:45 +0100] "GET /js/jquery-1.5.1.js HTTP/1.1" 200 216840
0:0:0:0:0:0:0:1 - - [09/Oct/2017:17:24:45 +0100] "GET /css/bootstrap.css HTTP/1.1" 200 146010
0:0:0:0:0:0:0:1 - - [09/Oct/2017:17:24:48 +0100] "GET /users/$%7Busers.pageNum+1%7D HTTP/1.1" 400 469
0:0:0:0:0:0:0:1 - - [09/Oct/2017:17:27:08 +0100] "GET /users/1 HTTP/1.1" 200 1569
0:0:0:0:0:0:0:1 - - [09/Oct/2017:17:27:08 +0100] "GET /js/bootstrap.min.js HTTP/1.1" 200 37045
0:0:0:0:0:0:0:1 - - [09/Oct/2017:17:27:08 +0100] "GET /js/jquery-1.5.1.js HTTP/1.1" 200 216840
0:0:0:0:0:0:0:1 - - [09/Oct/2017:17:27:08 +0100] "GET /css/bootstrap.css HTTP/1.1" 200 146010
0:0:0:0:0:0:0:1 - - [09/Oct/2017:17:27:11 +0100] "GET /users/$%7Busers.pageNum+1%7D HTTP/1.1" 500 335
0:0:0:0:0:0:0:1 - - [09/Oct/2017:17:27:23 +0100] "GET /js/bootstrap.min.js HTTP/1.1" 200 37045
0:0:0:0:0:0:0:1 - - [09/Oct/2017:17:27:23 +0100] "GET /js/jquery-1.5.1.js HTTP/1.1" 200 216840
0:0:0:0:0:0:0:1 - - [09/Oct/2017:17:27:23 +0100] "GET /css/bootstrap.css HTTP/1.1" 200 146010
0:0:0:0:0:0:0:1 - - [09/Oct/2017:17:27:27 +0100] "GET /users/3 HTTP/1.1" 200 1602
0:0:0:0:0:0:0:1 - - [09/Oct/2017:17:27:27 +0100] "GET /js/bootstrap.min.js HTTP/1.1" 200 37045
0:0:0:0:0:0:0:1 - - [09/Oct/2017:17:27:27 +0100] "GET /js/jquery-1.5.1.js HTTP/1.1" 200 216840
0:0:0:0:0:0:0:1 - - [09/Oct/2017:17:27:27 +0100] "GET /css/bootstrap.css HTTP/1.1" 200 146010
0:0:0:0:0:0:0:1 - - [09/Oct/2017:17:28:42 +0100] "GET /users/1 HTTP/1.1" 200 1552
0:0:0:0:0:0:0:1 - - [09/Oct/2017:17:28:42 +0100] "GET /js/jquery-1.5.1.js HTTP/1.1" 200 216840
0:0:0:0:0:0:0:1 - - [09/Oct/2017:17:28:42 +0100] "GET /css/bootstrap.css HTTP/1.1" 200 146010
0:0:0:0:0:0:0:1 - - [09/Oct/2017:17:28:42 +0100] "GET /js/bootstrap.min.js HTTP/1.1" 200 37045
0:0:0:0:0:0:0:1 - - [09/Oct/2017:17:28:44 +0100] "GET /users/3 HTTP/1.1" 200 1585
0:0:0:0:0:0:0:1 - - [09/Oct/2017:17:28:44 +0100] "GET /css/bootstrap.css HTTP/1.1" 200 146010
0:0:0:0:0:0:0:1 - - [09/Oct/2017:17:28:44 +0100] "GET /js/bootstrap.min.js HTTP/1.1" 200 37045
0:0:0:0:0:0:0:1 - - [09/Oct/2017:17:28:44 +0100] "GET /js/jquery-1.5.1.js HTTP/1.1" 200 216840
0:0:0:0:0:0:0:1 - - [09/Oct/2017:17:29:27 +0100] "GET /users/3 HTTP/1.1" 200 1600
0:0:0:0:0:0:0:1 - - [09/Oct/2017:17:29:27 +0100] "GET /js/bootstrap.min.js HTTP/1.1" 200 37045
0:0:0:0:0:0:0:1 - - [09/Oct/2017:17:29:27 +0100] "GET /css/bootstrap.css HTTP/1.1" 200 146010
0:0:0:0:0:0:0:1 - - [09/Oct/2017:17:29:27 +0100] "GET /js/jquery-1.5.1.js HTTP/1.1" 200 216840
0:0:0:0:0:0:0:1 - - [09/Oct/2017:17:29:27 +0100] "GET /favicon.ico HTTP/1.1" 200 946
0:0:0:0:0:0:0:1 - - [09/Oct/2017:17:29:31 +0100] "GET /users/1 HTTP/1.1" 200 1567
0:0:0:0:0:0:0:1 - - [09/Oct/2017:17:29:31 +0100] "GET /css/bootstrap.css HTTP/1.1" 200 146010
0:0:0:0:0:0:0:1 - - [09/Oct/2017:17:29:31 +0100] "GET /js/bootstrap.min.js HTTP/1.1" 200 37045
0:0:0:0:0:0:0:1 - - [09/Oct/2017:17:29:31 +0100] "GET /js/jquery-1.5.1.js HTTP/1.1" 200 216840
0:0:0:0:0:0:0:1 - - [09/Oct/2017:17:29:34 +0100] "GET /users/$%7Busers.pageNum%7D HTTP/1.1" 500 335
0:0:0:0:0:0:0:1 - - [09/Oct/2017:17:29:53 +0100] "GET /users/1 HTTP/1.1" 200 1564
0:0:0:0:0:0:0:1 - - [09/Oct/2017:17:29:53 +0100] "GET /js/bootstrap.min.js HTTP/1.1" 200 37045
0:0:0:0:0:0:0:1 - - [09/Oct/2017:17:29:53 +0100] "GET /css/bootstrap.css HTTP/1.1" 200 146010
0:0:0:0:0:0:0:1 - - [09/Oct/2017:17:29:53 +0100] "GET /js/jquery-1.5.1.js HTTP/1.1" 200 216840
0:0:0:0:0:0:0:1 - - [09/Oct/2017:17:29:55 +0100] "GET /users/users.pageNum HTTP/1.1" 500 333
0:0:0:0:0:0:0:1 - - [09/Oct/2017:17:34:22 +0100] "GET /users/1 HTTP/1.1" 200 1565
0:0:0:0:0:0:0:1 - - [09/Oct/2017:17:34:22 +0100] "GET /js/bootstrap.min.js HTTP/1.1" 200 37045
0:0:0:0:0:0:0:1 - - [09/Oct/2017:17:34:22 +0100] "GET /css/bootstrap.css HTTP/1.1" 200 146010
0:0:0:0:0:0:0:1 - - [09/Oct/2017:17:34:22 +0100] "GET /js/jquery-1.5.1.js HTTP/1.1" 200 216840
0:0:0:0:0:0:0:1 - - [09/Oct/2017:17:34:26 +0100] "GET /users/ HTTP/1.1" 404 306
0:0:0:0:0:0:0:1 - - [09/Oct/2017:17:34:44 +0100] "GET /users/ HTTP/1.1" 404 306
0:0:0:0:0:0:0:1 - - [09/Oct/2017:17:34:44 +0100] "GET /favicon.ico HTTP/1.1" 200 946
0:0:0:0:0:0:0:1 - - [09/Oct/2017:17:34:46 +0100] "GET /users/1 HTTP/1.1" 200 1567
0:0:0:0:0:0:0:1 - - [09/Oct/2017:17:34:46 +0100] "GET /js/bootstrap.min.js HTTP/1.1" 200 37045
0:0:0:0:0:0:0:1 - - [09/Oct/2017:17:34:46 +0100] "GET /css/bootstrap.css HTTP/1.1" 200 146010
0:0:0:0:0:0:0:1 - - [09/Oct/2017:17:34:46 +0100] "GET /js/jquery-1.5.1.js HTTP/1.1" 200 216840
0:0:0:0:0:0:0:1 - - [09/Oct/2017:17:34:48 +0100] "GET /users/$%7Busers.pageNum%7D HTTP/1.1" 500 335
0:0:0:0:0:0:0:1 - - [09/Oct/2017:17:37:53 +0100] "GET /users/1 HTTP/1.1" 200 1577
0:0:0:0:0:0:0:1 - - [09/Oct/2017:17:37:53 +0100] "GET /js/bootstrap.min.js HTTP/1.1" 200 37045
0:0:0:0:0:0:0:1 - - [09/Oct/2017:17:37:53 +0100] "GET /css/bootstrap.css HTTP/1.1" 200 146010
0:0:0:0:0:0:0:1 - - [09/Oct/2017:17:37:53 +0100] "GET /js/jquery-1.5.1.js HTTP/1.1" 200 216840
0:0:0:0:0:0:0:1 - - [09/Oct/2017:17:37:55 +0100] "GET /users/'$%7Busers.pageNum%7D' HTTP/1.1" 500 340
0:0:0:0:0:0:0:1 - - [09/Oct/2017:17:39:48 +0100] "GET /users/1 HTTP/1.1" 500 384
0:0:0:0:0:0:0:1 - - [09/Oct/2017:17:40:14 +0100] "GET /users/1 HTTP/1.1" 500 353
0:0:0:0:0:0:0:1 - - [09/Oct/2017:17:40:14 +0100] "GET /favicon.ico HTTP/1.1" 200 946
0:0:0:0:0:0:0:1 - - [09/Oct/2017:17:40:19 +0100] "GET /users/1 HTTP/1.1" 500 353
0:0:0:0:0:0:0:1 - - [09/Oct/2017:17:40:43 +0100] "GET /users/1 HTTP/1.1" 200 1567
0:0:0:0:0:0:0:1 - - [09/Oct/2017:17:40:43 +0100] "GET /js/bootstrap.min.js HTTP/1.1" 200 37045
0:0:0:0:0:0:0:1 - - [09/Oct/2017:17:40:43 +0100] "GET /css/bootstrap.css HTTP/1.1" 200 146010
0:0:0:0:0:0:0:1 - - [09/Oct/2017:17:40:43 +0100] "GET /js/jquery-1.5.1.js HTTP/1.1" 200 216840
0:0:0:0:0:0:0:1 - - [09/Oct/2017:17:40:43 +0100] "GET /favicon.ico HTTP/1.1" 200 946
0:0:0:0:0:0:0:1 - - [09/Oct/2017:17:41:01 +0100] "GET /users/1 HTTP/1.1" 200 1550
0:0:0:0:0:0:0:1 - - [09/Oct/2017:17:41:01 +0100] "GET /js/bootstrap.min.js HTTP/1.1" 200 37045
0:0:0:0:0:0:0:1 - - [09/Oct/2017:17:41:01 +0100] "GET /js/jquery-1.5.1.js HTTP/1.1" 200 216840
0:0:0:0:0:0:0:1 - - [09/Oct/2017:17:41:01 +0100] "GET /css/bootstrap.css HTTP/1.1" 200 146010
0:0:0:0:0:0:0:1 - - [09/Oct/2017:17:41:01 +0100] "GET /favicon.ico HTTP/1.1" 200 946
0:0:0:0:0:0:0:1 - - [09/Oct/2017:17:41:03 +0100] "GET /users HTTP/1.1" 404 306
0:0:0:0:0:0:0:1 - - [09/Oct/2017:17:41:06 +0100] "GET /css/bootstrap.css HTTP/1.1" 200 146010
0:0:0:0:0:0:0:1 - - [09/Oct/2017:17:41:21 +0100] "GET /users/1 HTTP/1.1" 500 384
0:0:0:0:0:0:0:1 - - [09/Oct/2017:17:41:21 +0100] "GET /favicon.ico HTTP/1.1" 200 946
0:0:0:0:0:0:0:1 - - [09/Oct/2017:17:41:50 +0100] "GET /users/1 HTTP/1.1" 200 1552
0:0:0:0:0:0:0:1 - - [09/Oct/2017:17:41:50 +0100] "GET /css/bootstrap.css HTTP/1.1" 200 146010
0:0:0:0:0:0:0:1 - - [09/Oct/2017:17:41:50 +0100] "GET /js/bootstrap.min.js HTTP/1.1" 200 37045
0:0:0:0:0:0:0:1 - - [09/Oct/2017:17:41:50 +0100] "GET /js/jquery-1.5.1.js HTTP/1.1" 200 216840
0:0:0:0:0:0:0:1 - - [09/Oct/2017:17:41:51 +0100] "GET /favicon.ico HTTP/1.1" 200 946
0:0:0:0:0:0:0:1 - - [09/Oct/2017:17:41:53 +0100] "GET /users/5 HTTP/1.1" 200 1322
0:0:0:0:0:0:0:1 - - [09/Oct/2017:17:41:53 +0100] "GET /js/jquery-1.5.1.js HTTP/1.1" 200 216840
0:0:0:0:0:0:0:1 - - [09/Oct/2017:17:41:53 +0100] "GET /js/bootstrap.min.js HTTP/1.1" 200 37045
0:0:0:0:0:0:0:1 - - [09/Oct/2017:17:41:53 +0100] "GET /css/bootstrap.css HTTP/1.1" 200 146010
0:0:0:0:0:0:0:1 - - [09/Oct/2017:17:46:23 +0100] "GET /users/1 HTTP/1.1" 200 1567
0:0:0:0:0:0:0:1 - - [09/Oct/2017:17:46:23 +0100] "GET /css/bootstrap.css HTTP/1.1" 200 146010
0:0:0:0:0:0:0:1 - - [09/Oct/2017:17:46:23 +0100] "GET /js/bootstrap.min.js HTTP/1.1" 200 37045
0:0:0:0:0:0:0:1 - - [09/Oct/2017:17:46:23 +0100] "GET /js/jquery-1.5.1.js HTTP/1.1" 200 216840
0:0:0:0:0:0:0:1 - - [09/Oct/2017:17:46:25 +0100] "GET /users/details?pageNo=1 HTTP/1.1" 500 335
0:0:0:0:0:0:0:1 - - [09/Oct/2017:17:47:01 +0100] "GET /users/1 HTTP/1.1" 200 1560
0:0:0:0:0:0:0:1 - - [09/Oct/2017:17:47:01 +0100] "GET /js/bootstrap.min.js HTTP/1.1" 200 37045
0:0:0:0:0:0:0:1 - - [09/Oct/2017:17:47:01 +0100] "GET /css/bootstrap.css HTTP/1.1" 200 146010
0:0:0:0:0:0:0:1 - - [09/Oct/2017:17:47:01 +0100] "GET /js/jquery-1.5.1.js HTTP/1.1" 200 216840
0:0:0:0:0:0:0:1 - - [09/Oct/2017:17:47:03 +0100] "GET /users/?pageNo=1 HTTP/1.1" 404 306
0:0:0:0:0:0:0:1 - - [09/Oct/2017:17:47:20 +0100] "GET /users/1 HTTP/1.1" 200 1574
0:0:0:0:0:0:0:1 - - [09/Oct/2017:17:47:20 +0100] "GET /js/bootstrap.min.js HTTP/1.1" 200 37045
0:0:0:0:0:0:0:1 - - [09/Oct/2017:17:47:20 +0100] "GET /css/bootstrap.css HTTP/1.1" 200 146010
0:0:0:0:0:0:0:1 - - [09/Oct/2017:17:47:20 +0100] "GET /js/jquery-1.5.1.js HTTP/1.1" 200 216840
0:0:0:0:0:0:0:1 - - [09/Oct/2017:17:47:22 +0100] "GET /users/pageNo=$%7Busers.pageNum%7D HTTP/1.1" 500 342
0:0:0:0:0:0:0:1 - - [09/Oct/2017:17:47:42 +0100] "GET /users/pageNo=$%7Busers.pageNum%7D HTTP/1.1" 500 342
0:0:0:0:0:0:0:1 - - [09/Oct/2017:17:47:43 +0100] "GET /favicon.ico HTTP/1.1" 200 946
0:0:0:0:0:0:0:1 - - [09/Oct/2017:17:47:45 +0100] "GET /users/1 HTTP/1.1" 200 1553
0:0:0:0:0:0:0:1 - - [09/Oct/2017:17:47:45 +0100] "GET /js/bootstrap.min.js HTTP/1.1" 200 37045
0:0:0:0:0:0:0:1 - - [09/Oct/2017:17:47:45 +0100] "GET /js/jquery-1.5.1.js HTTP/1.1" 200 216840
0:0:0:0:0:0:0:1 - - [09/Oct/2017:17:47:45 +0100] "GET /css/bootstrap.css HTTP/1.1" 200 146010
0:0:0:0:0:0:0:1 - - [09/Oct/2017:17:47:47 +0100] "GET /users/?1 HTTP/1.1" 404 306
0:0:0:0:0:0:0:1 - - [09/Oct/2017:17:48:10 +0100] "GET /users/1 HTTP/1.1" 200 1567
0:0:0:0:0:0:0:1 - - [09/Oct/2017:17:48:10 +0100] "GET /js/bootstrap.min.js HTTP/1.1" 200 37045
0:0:0:0:0:0:0:1 - - [09/Oct/2017:17:48:10 +0100] "GET /js/jquery-1.5.1.js HTTP/1.1" 200 216840
0:0:0:0:0:0:0:1 - - [09/Oct/2017:17:48:10 +0100] "GET /css/bootstrap.css HTTP/1.1" 200 146010
0:0:0:0:0:0:0:1 - - [09/Oct/2017:17:48:13 +0100] "GET /users/$%7Busers.pageNum%7D HTTP/1.1" 500 335
0:0:0:0:0:0:0:1 - - [09/Oct/2017:17:52:52 +0100] "GET /users/1 HTTP/1.1" 200 1569
0:0:0:0:0:0:0:1 - - [09/Oct/2017:17:52:52 +0100] "GET /js/bootstrap.min.js HTTP/1.1" 200 37045
0:0:0:0:0:0:0:1 - - [09/Oct/2017:17:52:52 +0100] "GET /css/bootstrap.css HTTP/1.1" 200 146010
0:0:0:0:0:0:0:1 - - [09/Oct/2017:17:52:52 +0100] "GET /js/jquery-1.5.1.js HTTP/1.1" 200 216840
0:0:0:0:0:0:0:1 - - [09/Oct/2017:17:52:54 +0100] "GET /users/%7B$%7Busers.pageNum%7D%7D HTTP/1.1" 500 336
0:0:0:0:0:0:0:1 - - [09/Oct/2017:17:59:12 +0100] "GET /users/1 HTTP/1.1" 200 1555
0:0:0:0:0:0:0:1 - - [09/Oct/2017:17:59:12 +0100] "GET /css/bootstrap.css HTTP/1.1" 200 146010
0:0:0:0:0:0:0:1 - - [09/Oct/2017:17:59:12 +0100] "GET /js/jquery-1.5.1.js HTTP/1.1" 200 216840
0:0:0:0:0:0:0:1 - - [09/Oct/2017:17:59:12 +0100] "GET /js/bootstrap.min.js HTTP/1.1" 200 37045
0:0:0:0:0:0:0:1 - - [09/Oct/2017:17:59:14 +0100] "GET /users/@%7B/users/%7D1 HTTP/1.1" 404 306
0:0:0:0:0:0:0:1 - - [09/Oct/2017:17:59:52 +0100] "GET /users/1 HTTP/1.1" 200 1552
0:0:0:0:0:0:0:1 - - [09/Oct/2017:17:59:52 +0100] "GET /js/bootstrap.min.js HTTP/1.1" 200 37045
0:0:0:0:0:0:0:1 - - [09/Oct/2017:17:59:52 +0100] "GET /css/bootstrap.css HTTP/1.1" 200 146010
0:0:0:0:0:0:0:1 - - [09/Oct/2017:17:59:52 +0100] "GET /js/jquery-1.5.1.js HTTP/1.1" 200 216840
0:0:0:0:0:0:0:1 - - [09/Oct/2017:17:59:54 +0100] "GET /users/1 HTTP/1.1" 200 1552
0:0:0:0:0:0:0:1 - - [09/Oct/2017:17:59:54 +0100] "GET /js/jquery-1.5.1.js HTTP/1.1" 200 216840
0:0:0:0:0:0:0:1 - - [09/Oct/2017:17:59:54 +0100] "GET /css/bootstrap.css HTTP/1.1" 200 146010
0:0:0:0:0:0:0:1 - - [09/Oct/2017:17:59:54 +0100] "GET /js/bootstrap.min.js HTTP/1.1" 200 37045
0:0:0:0:0:0:0:1 - - [09/Oct/2017:17:59:55 +0100] "GET /users/1 HTTP/1.1" 200 1552
0:0:0:0:0:0:0:1 - - [09/Oct/2017:17:59:55 +0100] "GET /js/bootstrap.min.js HTTP/1.1" 200 37045
0:0:0:0:0:0:0:1 - - [09/Oct/2017:17:59:55 +0100] "GET /js/jquery-1.5.1.js HTTP/1.1" 200 216840
0:0:0:0:0:0:0:1 - - [09/Oct/2017:17:59:55 +0100] "GET /css/bootstrap.css HTTP/1.1" 200 146010
0:0:0:0:0:0:0:1 - - [09/Oct/2017:17:59:56 +0100] "GET /users/1 HTTP/1.1" 200 1552
0:0:0:0:0:0:0:1 - - [09/Oct/2017:17:59:56 +0100] "GET /css/bootstrap.css HTTP/1.1" 200 146010
0:0:0:0:0:0:0:1 - - [09/Oct/2017:17:59:56 +0100] "GET /js/bootstrap.min.js HTTP/1.1" 200 37045
0:0:0:0:0:0:0:1 - - [09/Oct/2017:17:59:56 +0100] "GET /js/jquery-1.5.1.js HTTP/1.1" 200 216840
0:0:0:0:0:0:0:1 - - [09/Oct/2017:18:00:03 +0100] "GET /users/1 HTTP/1.1" 200 1552
0:0:0:0:0:0:0:1 - - [09/Oct/2017:18:00:03 +0100] "GET /js/bootstrap.min.js HTTP/1.1" 200 37045
0:0:0:0:0:0:0:1 - - [09/Oct/2017:18:00:03 +0100] "GET /js/jquery-1.5.1.js HTTP/1.1" 200 216840
0:0:0:0:0:0:0:1 - - [09/Oct/2017:18:00:03 +0100] "GET /css/bootstrap.css HTTP/1.1" 200 146010
0:0:0:0:0:0:0:1 - - [09/Oct/2017:18:00:03 +0100] "GET /favicon.ico HTTP/1.1" 200 946
0:0:0:0:0:0:0:1 - - [09/Oct/2017:18:00:04 +0100] "GET /users/2 HTTP/1.1" 200 1585
0:0:0:0:0:0:0:1 - - [09/Oct/2017:18:00:04 +0100] "GET /css/bootstrap.css HTTP/1.1" 200 146010
0:0:0:0:0:0:0:1 - - [09/Oct/2017:18:00:04 +0100] "GET /js/jquery-1.5.1.js HTTP/1.1" 200 216840
0:0:0:0:0:0:0:1 - - [09/Oct/2017:18:00:04 +0100] "GET /js/bootstrap.min.js HTTP/1.1" 200 37045
0:0:0:0:0:0:0:1 - - [09/Oct/2017:18:00:06 +0100] "GET /users/3 HTTP/1.1" 200 1585
0:0:0:0:0:0:0:1 - - [09/Oct/2017:18:00:06 +0100] "GET /js/jquery-1.5.1.js HTTP/1.1" 200 216840
0:0:0:0:0:0:0:1 - - [09/Oct/2017:18:00:06 +0100] "GET /css/bootstrap.css HTTP/1.1" 200 146010
0:0:0:0:0:0:0:1 - - [09/Oct/2017:18:00:06 +0100] "GET /js/bootstrap.min.js HTTP/1.1" 200 37045
0:0:0:0:0:0:0:1 - - [09/Oct/2017:18:00:07 +0100] "GET /users/4 HTTP/1.1" 200 1589
0:0:0:0:0:0:0:1 - - [09/Oct/2017:18:00:07 +0100] "GET /js/jquery-1.5.1.js HTTP/1.1" 200 216840
0:0:0:0:0:0:0:1 - - [09/Oct/2017:18:00:07 +0100] "GET /css/bootstrap.css HTTP/1.1" 200 146010
0:0:0:0:0:0:0:1 - - [09/Oct/2017:18:00:07 +0100] "GET /js/bootstrap.min.js HTTP/1.1" 200 37045
0:0:0:0:0:0:0:1 - - [09/Oct/2017:18:00:08 +0100] "GET /users/5 HTTP/1.1" 200 1322
0:0:0:0:0:0:0:1 - - [09/Oct/2017:18:00:08 +0100] "GET /js/bootstrap.min.js HTTP/1.1" 200 37045
0:0:0:0:0:0:0:1 - - [09/Oct/2017:18:00:08 +0100] "GET /js/jquery-1.5.1.js HTTP/1.1" 200 216840
0:0:0:0:0:0:0:1 - - [09/Oct/2017:18:00:08 +0100] "GET /css/bootstrap.css HTTP/1.1" 200 146010
0:0:0:0:0:0:0:1 - - [09/Oct/2017:18:01:06 +0100] "GET /users/1 HTTP/1.1" 200 1612
0:0:0:0:0:0:0:1 - - [09/Oct/2017:18:01:06 +0100] "GET /js/bootstrap.min.js HTTP/1.1" 200 37045
0:0:0:0:0:0:0:1 - - [09/Oct/2017:18:01:06 +0100] "GET /css/bootstrap.css HTTP/1.1" 200 146010
0:0:0:0:0:0:0:1 - - [09/Oct/2017:18:01:06 +0100] "GET /js/jquery-1.5.1.js HTTP/1.1" 200 216840
0:0:0:0:0:0:0:1 - - [09/Oct/2017:18:01:08 +0100] "GET /users/@%7B/users/%7D+$%7Bi%7D HTTP/1.1" 404 306
0:0:0:0:0:0:0:1 - - [09/Oct/2017:18:01:35 +0100] "GET /users/1 HTTP/1.1" 200 1584
0:0:0:0:0:0:0:1 - - [09/Oct/2017:18:01:35 +0100] "GET /js/bootstrap.min.js HTTP/1.1" 200 37045
0:0:0:0:0:0:0:1 - - [09/Oct/2017:18:01:35 +0100] "GET /css/bootstrap.css HTTP/1.1" 200 146010
0:0:0:0:0:0:0:1 - - [09/Oct/2017:18:01:35 +0100] "GET /js/jquery-1.5.1.js HTTP/1.1" 200 216840
0:0:0:0:0:0:0:1 - - [09/Oct/2017:18:01:37 +0100] "GET /users/5 HTTP/1.1" 200 1362
0:0:0:0:0:0:0:1 - - [09/Oct/2017:18:01:37 +0100] "GET /js/bootstrap.min.js HTTP/1.1" 200 37045
0:0:0:0:0:0:0:1 - - [09/Oct/2017:18:01:37 +0100] "GET /js/jquery-1.5.1.js HTTP/1.1" 200 216840
0:0:0:0:0:0:0:1 - - [09/Oct/2017:18:01:37 +0100] "GET /css/bootstrap.css HTTP/1.1" 200 146010
0:0:0:0:0:0:0:1 - - [09/Oct/2017:18:01:39 +0100] "GET /users/4 HTTP/1.1" 200 1629
0:0:0:0:0:0:0:1 - - [09/Oct/2017:18:01:39 +0100] "GET /js/bootstrap.min.js HTTP/1.1" 200 37045
0:0:0:0:0:0:0:1 - - [09/Oct/2017:18:01:39 +0100] "GET /js/jquery-1.5.1.js HTTP/1.1" 200 216840
0:0:0:0:0:0:0:1 - - [09/Oct/2017:18:01:39 +0100] "GET /css/bootstrap.css HTTP/1.1" 200 146010
0:0:0:0:0:0:0:1 - - [09/Oct/2017:18:01:40 +0100] "GET /users/3 HTTP/1.1" 200 1625
0:0:0:0:0:0:0:1 - - [09/Oct/2017:18:01:40 +0100] "GET /js/jquery-1.5.1.js HTTP/1.1" 200 216840
0:0:0:0:0:0:0:1 - - [09/Oct/2017:18:01:40 +0100] "GET /css/bootstrap.css HTTP/1.1" 200 146010
0:0:0:0:0:0:0:1 - - [09/Oct/2017:18:01:40 +0100] "GET /js/bootstrap.min.js HTTP/1.1" 200 37045
0:0:0:0:0:0:0:1 - - [09/Oct/2017:18:01:41 +0100] "GET /users/2 HTTP/1.1" 200 1625
0:0:0:0:0:0:0:1 - - [09/Oct/2017:18:01:41 +0100] "GET /css/bootstrap.css HTTP/1.1" 200 146010
0:0:0:0:0:0:0:1 - - [09/Oct/2017:18:01:41 +0100] "GET /js/bootstrap.min.js HTTP/1.1" 200 37045
0:0:0:0:0:0:0:1 - - [09/Oct/2017:18:01:41 +0100] "GET /js/jquery-1.5.1.js HTTP/1.1" 200 216840
